This is pdfTeX, Version 3.141592653-2.6-1.40.29 (TeX Live 2026) (preloaded format=pdflatex 2026.3.11)  18 MAR 2026 16:21
entering extended mode
 restricted \write18 enabled.
 file:line:error style messages enabled.
 %&-line parsing enabled.
**c:/Users/Manuel/Documents/HTL/5AHELS/Diplomarbeit/ascenta/diplomarbeit/main.tex
(c:/Users/Manuel/Documents/HTL/5AHELS/Diplomarbeit/ascenta/diplomarbeit/main.tex
LaTeX2e <2025-11-01>
L3 programming layer <2026-01-19>
(c:/Users/Manuel/Documents/HTL/5AHELS/Diplomarbeit/texlive/2026/texmf-dist/tex/latex/koma-script/scrbook.cls
Document Class: scrbook 2026/02/02 v3.49.2 KOMA-Script document class (book)
(c:/Users/Manuel/Documents/HTL/5AHELS/Diplomarbeit/texlive/2026/texmf-dist/tex/latex/koma-script/scrkbase.sty
Package: scrkbase 2026/02/02 v3.49.2 KOMA-Script package (KOMA-Script-dependent basics and keyval usage)
 (c:/Users/Manuel/Documents/HTL/5AHELS/Diplomarbeit/texlive/2026/texmf-dist/tex/latex/koma-script/scrbase.sty
Package: scrbase 2026/02/02 v3.49.2 KOMA-Script package (KOMA-Script-independent basics and keyval usage)
 (c:/Users/Manuel/Documents/HTL/5AHELS/Diplomarbeit/texlive/2026/texmf-dist/tex/latex/koma-script/scrlfile.sty
Package: scrlfile 2026/02/02 v3.49.2 KOMA-Script package (file load hooks)
 (c:/Users/Manuel/Documents/HTL/5AHELS/Diplomarbeit/texlive/2026/texmf-dist/tex/latex/koma-script/scrlfile-hook.sty
Package: scrlfile-hook 2026/02/02 v3.49.2 KOMA-Script package (using LaTeX hooks)
 (c:/Users/Manuel/Documents/HTL/5AHELS/Diplomarbeit/texlive/2026/texmf-dist/tex/latex/koma-script/scrlogo.sty
Package: scrlogo 2026/02/02 v3.49.2 KOMA-Script package (logo)
))) (c:/Users/Manuel/Documents/HTL/5AHELS/Diplomarbeit/texlive/2026/texmf-dist/tex/latex/graphics/keyval.sty
Package: keyval 2022/05/29 v1.15 key=value parser (DPC)
\KV@toks@=\toks17
)
Applying: [2021/05/01] Usage of raw or classic option list on input line 254.
Already applied: [0000/00/00] Usage of raw or classic option list on input line 370.
)) (c:/Users/Manuel/Documents/HTL/5AHELS/Diplomarbeit/texlive/2026/texmf-dist/tex/latex/koma-script/tocbasic.sty
Package: tocbasic 2026/02/02 v3.49.2 KOMA-Script package (handling toc-files)
\scr@dte@tocline@numberwidth=\skip49
\scr@dte@tocline@numbox=\box53
)
Package tocbasic Info: omitting babel extension for `toc'
(tocbasic)             because of feature `nobabel' available
(tocbasic)             for `toc' on input line 143.
Package scrbook Info: You've used standard option `12pt'.
(scrbook)             This is correct!
(scrbook)             Internally I'm using `fontsize=12pt'.
(scrbook)             If you'd like to set the option with \KOMAoptions,
(scrbook)             you'd have to use `fontsize=12pt' there
(scrbook)             instead of `12pt', too.
Class scrbook Info: You've used standard option `oneside'.
(scrbook)           This is correct!
(scrbook)           Internally I'm using `twoside=false'.
(scrbook)           If you'd like to set the option with \KOMAoptions,
(scrbook)           you'd have to use `twoside=false' there
(scrbook)           instead of `oneside', too.
Class scrbook Info: File `scrsize12pt.clo' used to setup font sizes on input line 2713.
 (c:/Users/Manuel/Documents/HTL/5AHELS/Diplomarbeit/texlive/2026/texmf-dist/tex/latex/koma-script/scrsize12pt.clo
File: scrsize12pt.clo 2026/02/02 v3.49.2 KOMA-Script font size class option (12pt)
) (c:/Users/Manuel/Documents/HTL/5AHELS/Diplomarbeit/texlive/2026/texmf-dist/tex/latex/koma-script/typearea.sty
Package: typearea 2026/02/02 v3.49.2 KOMA-Script package (type area)
\ta@bcor=\skip50
\ta@div=\count275
Package typearea Info: You've used standard option `oneside'.
(typearea)             This is correct!
(typearea)             Internally I'm using `twoside=false'.
(typearea)             If you'd like to set the option with \KOMAoptions,
(typearea)             you'd have to use `twoside=false' there
(typearea)             instead of `oneside', too.
\ta@hblk=\skip51
\ta@vblk=\skip52
\ta@temp=\skip53
\footheight=\skip54
Package typearea Info: These are the values describing the layout:
(typearea)             DIV  = 12
(typearea)             BCOR = 0.0pt
(typearea)             \paperwidth      = 597.50793pt
(typearea)              \textwidth      = 448.13095pt
(typearea)              DIV departure   = -6%
(typearea)              \evensidemargin = 2.4185pt
(typearea)              \oddsidemargin  = 2.4185pt
(typearea)             \paperheight     = 845.04694pt
(typearea)              \textheight     = 635.5pt
(typearea)              \topmargin      = -41.72441pt
(typearea)              \headheight     = 18.125pt
(typearea)              \headsep        = 21.75pt
(typearea)              \topskip        = 12.0pt
(typearea)              \footskip       = 50.75pt
(typearea)              \baselineskip   = 14.5pt
(typearea)              on input line 1810.
)
\c@part=\count276
\c@chapter=\count277
\c@section=\count278
\c@subsection=\count279
\c@subsubsection=\count280
\c@paragraph=\count281
\c@subparagraph=\count282
\scr@dte@chapter@maxnumwidth=\skip55
Class scrbook Info: using compatibility default `afterindent=bysign'
(scrbook)           for `\chapter on input line 5945.
\scr@dte@section@maxnumwidth=\skip56
Class scrbook Info: using compatibility default `runin=bysign'
(scrbook)           for `\section on input line 5956.
Class scrbook Info: using compatibility default `afterindent=bysign'
(scrbook)           for `\section on input line 5956.
\scr@dte@part@maxnumwidth=\skip57
Class scrbook Info: using compatibility default `afterindent=true'
(scrbook)           for `\part on input line 5965.
\scr@dte@subsection@maxnumwidth=\skip58
Class scrbook Info: using compatibility default `runin=bysign'
(scrbook)           for `\subsection on input line 5975.
Class scrbook Info: using compatibility default `afterindent=bysign'
(scrbook)           for `\subsection on input line 5975.
\scr@dte@subsubsection@maxnumwidth=\skip59
Class scrbook Info: using compatibility default `runin=bysign'
(scrbook)           for `\subsubsection on input line 5985.
Class scrbook Info: using compatibility default `afterindent=bysign'
(scrbook)           for `\subsubsection on input line 5985.
\scr@dte@paragraph@maxnumwidth=\skip60
Class scrbook Info: using compatibility default `runin=bysign'
(scrbook)           for `\paragraph on input line 5996.
Class scrbook Info: using compatibility default `afterindent=bysign'
(scrbook)           for `\paragraph on input line 5996.
\scr@dte@subparagraph@maxnumwidth=\skip61
Class scrbook Info: using compatibility default `runin=bysign'
(scrbook)           for `\subparagraph on input line 6006.
Class scrbook Info: using compatibility default `afterindent=bysign'
(scrbook)           for `\subparagraph on input line 6006.
\abovecaptionskip=\skip62
\belowcaptionskip=\skip63
\c@pti@nb@sid@b@x=\box54
Package tocbasic Info: omitting babel extension for `lof'
(tocbasic)             because of feature `nobabel' available
(tocbasic)             for `lof' on input line 7242.
\scr@dte@figure@maxnumwidth=\skip64
\c@figure=\count283
Package tocbasic Info: omitting babel extension for `lot'
(tocbasic)             because of feature `nobabel' available
(tocbasic)             for `lot' on input line 7255.
\scr@dte@table@maxnumwidth=\skip65
\c@table=\count284
Class scrbook Info: Redefining `\numberline' on input line 7426.
\bibindent=\dimen148
) (./includes/htl_definintions.tex (c:/Users/Manuel/Documents/HTL/5AHELS/Diplomarbeit/texlive/2026/texmf-dist/tex/latex/geometry/geometry.sty
Package: geometry 2026/03/07 v6.0 Page Geometry
 (c:/Users/Manuel/Documents/HTL/5AHELS/Diplomarbeit/texlive/2026/texmf-dist/tex/generic/iftex/ifvtex.sty
Package: ifvtex 2019/10/25 v1.7 ifvtex legacy package. Use iftex instead.
 (c:/Users/Manuel/Documents/HTL/5AHELS/Diplomarbeit/texlive/2026/texmf-dist/tex/generic/iftex/iftex.sty
Package: iftex 2024/12/12 v1.0g TeX engine tests
))
\Gm@cnth=\count285
\Gm@cntv=\count286
\c@Gm@tempcnt=\count287
\Gm@bindingoffset=\dimen149
\Gm@wd@mp=\dimen150
\Gm@odd@mp=\dimen151
\Gm@even@mp=\dimen152
\Gm@layoutwidth=\dimen153
\Gm@layoutheight=\dimen154
\Gm@layouthoffset=\dimen155
\Gm@layoutvoffset=\dimen156
\Gm@dimlist=\toks18
) (c:/Users/Manuel/Documents/HTL/5AHELS/Diplomarbeit/texlive/2026/texmf-dist/tex/generic/babel/babel.sty
Package: babel 2026/03/08 v26.4 The multilingual framework for LuaLaTeX, pdfLaTeX and XeLaTeX
\babel@savecnt=\count288
LaTeX Encoding Info:    Redeclaring text command \ij (encoding OT1) on input line 2078.
LaTeX Encoding Info:    Redeclaring text command \IJ (encoding OT1) on input line 2080.
LaTeX Encoding Info:    Redeclaring text command \ij (encoding T1) on input line 2082.
LaTeX Encoding Info:    Redeclaring text command \IJ (encoding T1) on input line 2083.
LaTeX Encoding Info:    Ignoring declaration for text command \ij (encoding ?) on input line 2084.
LaTeX Encoding Info:    Ignoring declaration for text command \IJ (encoding ?) on input line 2086.
LaTeX Encoding Info:    Ignoring declaration for text command \SS (encoding ?) on input line 2111.
\U@D=\dimen157
\l@unhyphenated=\language91
 (c:/Users/Manuel/Documents/HTL/5AHELS/Diplomarbeit/texlive/2026/texmf-dist/tex/generic/babel/txtbabel.def)
\bbl@readstream=\read2
\bbl@dirlevel=\count289
 (c:/Users/Manuel/Documents/HTL/5AHELS/Diplomarbeit/texlive/2026/texmf-dist/tex/generic/babel/locale/en/babel-english.tex)
Package babel Info: Importing font and identification data for english
(babel)             from babel-en.ini. Reported on input line 4330.
 (c:/Users/Manuel/Documents/HTL/5AHELS/Diplomarbeit/texlive/2026/texmf-dist/tex/generic/babel-english/english.ldf
Language: english 2017/06/06 v3.3r English support from the babel system
Package babel Info: Hyphen rules for 'canadian' set to \l@english
(babel)             (\language0). Reported on input line 102.
Package babel Info: Hyphen rules for 'australian' set to \l@ukenglish
(babel)             (\language22). Reported on input line 105.
Package babel Info: Hyphen rules for 'newzealand' set to \l@ukenglish
(babel)             (\language22). Reported on input line 108.
))

Class scrbook Warning: Usage of package `parskip' together
(scrbook)              with a KOMA-Script class is not recommended.
(scrbook)              I'd suggest to use option
(scrbook)              `parskip' with one of it's several values.
(scrbook)              Nevertheless, using requested
(scrbook)              package `parskip' on input line 6.

(c:/Users/Manuel/Documents/HTL/5AHELS/Diplomarbeit/texlive/2026/texmf-dist/tex/latex/parskip/parskip.sty
Package: parskip 2021-03-14 v2.0h non-zero parskip adjustments
 (c:/Users/Manuel/Documents/HTL/5AHELS/Diplomarbeit/texlive/2026/texmf-dist/tex/latex/kvoptions/kvoptions.sty
Package: kvoptions 2022-06-15 v3.15 Key value format for package options (HO)
 (c:/Users/Manuel/Documents/HTL/5AHELS/Diplomarbeit/texlive/2026/texmf-dist/tex/generic/ltxcmds/ltxcmds.sty
Package: ltxcmds 2023-12-04 v1.26 LaTeX kernel commands for general use (HO)
) (c:/Users/Manuel/Documents/HTL/5AHELS/Diplomarbeit/texlive/2026/texmf-dist/tex/latex/kvsetkeys/kvsetkeys.sty
Package: kvsetkeys 2022-10-05 v1.19 Key value parser (HO)
)) (c:/Users/Manuel/Documents/HTL/5AHELS/Diplomarbeit/texlive/2026/texmf-dist/tex/latex/etoolbox/etoolbox.sty
Package: etoolbox 2025/10/02 v2.5m e-TeX tools for LaTeX (JAW)
\etb@tempcnta=\count290
)) (c:/Users/Manuel/Documents/HTL/5AHELS/Diplomarbeit/texlive/2026/texmf-dist/tex/latex/graphics/graphicx.sty
Package: graphicx 2024/12/31 v1.2e Enhanced LaTeX Graphics (DPC,SPQR)
 (c:/Users/Manuel/Documents/HTL/5AHELS/Diplomarbeit/texlive/2026/texmf-dist/tex/latex/graphics/graphics.sty
Package: graphics 2024/08/06 v1.4g Standard LaTeX Graphics (DPC,SPQR)
 (c:/Users/Manuel/Documents/HTL/5AHELS/Diplomarbeit/texlive/2026/texmf-dist/tex/latex/graphics/trig.sty
Package: trig 2023/12/02 v1.11 sin cos tan (DPC)
) (c:/Users/Manuel/Documents/HTL/5AHELS/Diplomarbeit/texlive/2026/texmf-dist/tex/latex/graphics-cfg/graphics.cfg
File: graphics.cfg 2016/06/04 v1.11 sample graphics configuration
)
Package graphics Info: Driver file: pdftex.def on input line 106.
 (c:/Users/Manuel/Documents/HTL/5AHELS/Diplomarbeit/texlive/2026/texmf-dist/tex/latex/graphics-def/pdftex.def
File: pdftex.def 2025/09/29 v1.2d Graphics/color driver for pdftex
))
\Gin@req@height=\dimen158
\Gin@req@width=\dimen159
) (c:/Users/Manuel/Documents/HTL/5AHELS/Diplomarbeit/texlive/2026/texmf-dist/tex/latex/amsfonts/amssymb.sty
Package: amssymb 2013/01/14 v3.01 AMS font symbols
 (c:/Users/Manuel/Documents/HTL/5AHELS/Diplomarbeit/texlive/2026/texmf-dist/tex/latex/amsfonts/amsfonts.sty
Package: amsfonts 2013/01/14 v3.01 Basic AMSFonts support
\@emptytoks=\toks19
\symAMSa=\mathgroup4
\symAMSb=\mathgroup5
LaTeX Font Info:    Redeclaring math symbol \hbar on input line 98.
LaTeX Font Info:    Overwriting math alphabet `\mathfrak' in version `bold'
(Font)                  U/euf/m/n --> U/euf/b/n on input line 106.
)) (c:/Users/Manuel/Documents/HTL/5AHELS/Diplomarbeit/texlive/2026/texmf-dist/tex/latex/mathtools/mathtools.sty
Package: mathtools 2024/10/04 v1.31 mathematical typesetting tools
 (c:/Users/Manuel/Documents/HTL/5AHELS/Diplomarbeit/texlive/2026/texmf-dist/tex/latex/tools/calc.sty
Package: calc 2025/03/01 v4.3b Infix arithmetic (KKT,FJ)
\calc@Acount=\count291
\calc@Bcount=\count292
\calc@Adimen=\dimen160
\calc@Bdimen=\dimen161
\calc@Askip=\skip66
\calc@Bskip=\skip67
LaTeX Info: Redefining \setlength on input line 86.
LaTeX Info: Redefining \addtolength on input line 87.
\calc@Ccount=\count293
\calc@Cskip=\skip68
) (c:/Users/Manuel/Documents/HTL/5AHELS/Diplomarbeit/texlive/2026/texmf-dist/tex/latex/mathtools/mhsetup.sty
Package: mhsetup 2021/03/18 v1.4 programming setup (MH)
) (c:/Users/Manuel/Documents/HTL/5AHELS/Diplomarbeit/texlive/2026/texmf-dist/tex/latex/amsmath/amsmath.sty
Package: amsmath 2025/07/09 v2.17z AMS math features
\@mathmargin=\skip69

For additional information on amsmath, use the `?' option.
(c:/Users/Manuel/Documents/HTL/5AHELS/Diplomarbeit/texlive/2026/texmf-dist/tex/latex/amsmath/amstext.sty
Package: amstext 2024/11/17 v2.01 AMS text
 (c:/Users/Manuel/Documents/HTL/5AHELS/Diplomarbeit/texlive/2026/texmf-dist/tex/latex/amsmath/amsgen.sty
File: amsgen.sty 1999/11/30 v2.0 generic functions
\@emptytoks=\toks20
\ex@=\dimen162
)) (c:/Users/Manuel/Documents/HTL/5AHELS/Diplomarbeit/texlive/2026/texmf-dist/tex/latex/amsmath/amsbsy.sty
Package: amsbsy 1999/11/29 v1.2d Bold Symbols
\pmbraise@=\dimen163
) (c:/Users/Manuel/Documents/HTL/5AHELS/Diplomarbeit/texlive/2026/texmf-dist/tex/latex/amsmath/amsopn.sty
Package: amsopn 2022/04/08 v2.04 operator names
)
\inf@bad=\count294
LaTeX Info: Redefining \frac on input line 233.
\uproot@=\count295
\leftroot@=\count296
LaTeX Info: Redefining \overline on input line 398.
LaTeX Info: Redefining \colon on input line 409.
\classnum@=\count297
\DOTSCASE@=\count298
LaTeX Info: Redefining \ldots on input line 495.
LaTeX Info: Redefining \dots on input line 498.
LaTeX Info: Redefining \cdots on input line 619.
\Mathstrutbox@=\box55
\strutbox@=\box56
LaTeX Info: Redefining \big on input line 721.
LaTeX Info: Redefining \Big on input line 722.
LaTeX Info: Redefining \bigg on input line 723.
LaTeX Info: Redefining \Bigg on input line 724.
\big@size=\dimen164
LaTeX Font Info:    Redeclaring font encoding OML on input line 742.
LaTeX Font Info:    Redeclaring font encoding OMS on input line 743.
\macc@depth=\count299
LaTeX Info: Redefining \bmod on input line 904.
LaTeX Info: Redefining \pmod on input line 909.
LaTeX Info: Redefining \smash on input line 939.
LaTeX Info: Redefining \relbar on input line 969.
LaTeX Info: Redefining \Relbar on input line 970.
\c@MaxMatrixCols=\count300
\dotsspace@=\muskip17
\c@parentequation=\count301
\dspbrk@lvl=\count302
\tag@help=\toks21
\row@=\count303
\column@=\count304
\maxfields@=\count305
\andhelp@=\toks22
\eqnshift@=\dimen165
\alignsep@=\dimen166
\tagshift@=\dimen167
\tagwidth@=\dimen168
\totwidth@=\dimen169
\lineht@=\dimen170
\@envbody=\toks23
\multlinegap=\skip70
\multlinetaggap=\skip71
\mathdisplay@stack=\toks24
LaTeX Info: Redefining \[ on input line 2950.
LaTeX Info: Redefining \] on input line 2951.
)
\g_MT_multlinerow_int=\count306
\l_MT_multwidth_dim=\dimen171
\origjot=\skip72
\l_MT_shortvdotswithinadjustabove_dim=\dimen172
\l_MT_shortvdotswithinadjustbelow_dim=\dimen173
\l_MT_above_intertext_sep=\dimen174
\l_MT_below_intertext_sep=\dimen175
\l_MT_above_shortintertext_sep=\dimen176
\l_MT_below_shortintertext_sep=\dimen177
\xmathstrut@box=\box57
\xmathstrut@dim=\dimen178
) (c:/Users/Manuel/Documents/HTL/5AHELS/Diplomarbeit/texlive/2026/texmf-dist/tex/latex/base/inputenc.sty
Package: inputenc 2024/02/08 v1.3d Input encoding file
\inpenc@prehook=\toks25
\inpenc@posthook=\toks26
) (c:/Users/Manuel/Documents/HTL/5AHELS/Diplomarbeit/texlive/2026/texmf-dist/tex/latex/base/fontenc.sty
Package: fontenc 2025/07/18 v2.1d Standard LaTeX package
) (c:/Users/Manuel/Documents/HTL/5AHELS/Diplomarbeit/texlive/2026/texmf-dist/tex/latex/graphics/lscape.sty
Package: lscape 2020/05/28 v3.02 Landscape Pages (DPC)
) (c:/Users/Manuel/Documents/HTL/5AHELS/Diplomarbeit/texlive/2026/texmf-dist/tex/latex/tools/tabularx.sty
Package: tabularx 2023/12/11 v2.12a `tabularx' package (DPC)
 (c:/Users/Manuel/Documents/HTL/5AHELS/Diplomarbeit/texlive/2026/texmf-dist/tex/latex/tools/array.sty
Package: array 2025/09/25 v2.6n Tabular extension package (FMi)
\col@sep=\dimen179
\ar@mcellbox=\box58
\extrarowheight=\dimen180
\NC@list=\toks27
\extratabsurround=\skip73
\backup@length=\skip74
\ar@cellbox=\box59
)
\TX@col@width=\dimen181
\TX@old@table=\dimen182
\TX@old@col=\dimen183
\TX@target=\dimen184
\TX@delta=\dimen185
\TX@cols=\count307
\TX@ftn=\toks28
) (c:/Users/Manuel/Documents/HTL/5AHELS/Diplomarbeit/texlive/2026/texmf-dist/tex/latex/tools/longtable.sty
Package: longtable 2025-10-13 v4.24 Multi-page Table package (DPC)
\LTleft=\skip75
\LTright=\skip76
\LTpre=\skip77
\LTpost=\skip78
\LTchunksize=\count308
\LTcapwidth=\dimen186
\LT@head=\box60
\LT@firsthead=\box61
\LT@foot=\box62
\LT@lastfoot=\box63
\LT@gbox=\box64
\LT@cols=\count309
\LT@rows=\count310
\c@LT@tables=\count311
\c@LT@chunks=\count312
\LT@p@ftn=\toks29
)
Class scrbook Info: longtable captions redefined on input line 24.
 (c:/Users/Manuel/Documents/HTL/5AHELS/Diplomarbeit/texlive/2026/texmf-dist/tex/latex/multirow/multirow.sty
Package: multirow 2024/11/12 v2.9 Span multiple rows of a table
\multirow@colwidth=\skip79
\multirow@cntb=\count313
\multirow@dima=\skip80
\bigstrutjot=\dimen187
) (c:/Users/Manuel/Documents/HTL/5AHELS/Diplomarbeit/texlive/2026/texmf-dist/tex/latex/subfig/subfig.sty
Package: subfig 2005/06/28 ver: 1.3 subfig package
 (c:/Users/Manuel/Documents/HTL/5AHELS/Diplomarbeit/texlive/2026/texmf-dist/tex/latex/caption/caption.sty
Package: caption 2023/08/05 v3.6o Customizing captions (AR)

Package tocbasic Info: Loading of class-dependent code for package caption3
(tocbasic)             prevented on line 50.

 (c:/Users/Manuel/Documents/HTL/5AHELS/Diplomarbeit/texlive/2026/texmf-dist/tex/latex/caption/caption3.sty
Package: caption3 2023/07/31 v2.4d caption3 kernel (AR)
\caption@tempdima=\dimen188
\captionmargin=\dimen189
\caption@leftmargin=\dimen190
\caption@rightmargin=\dimen191
\caption@width=\dimen192
\caption@indent=\dimen193
\caption@parindent=\dimen194
\caption@hangindent=\dimen195
)
\c@caption@flags=\count314
\c@continuedfloat=\count315
Package caption Info: longtable package is loaded.
 (c:/Users/Manuel/Documents/HTL/5AHELS/Diplomarbeit/texlive/2026/texmf-dist/tex/latex/caption/ltcaption.sty
Package: ltcaption 2021/01/08 v1.4c longtable captions (AR)
))
\c@KVtest=\count316
\sf@farskip=\skip81
\sf@captopadj=\dimen196
\sf@capskip=\skip82
\sf@nearskip=\skip83
\c@subfigure=\count317
\c@subfigure@save=\count318
\c@lofdepth=\count319
\c@subtable=\count320
\c@subtable@save=\count321
\c@lotdepth=\count322
\sf@top=\skip84
\sf@bottom=\skip85
) (c:/Users/Manuel/Documents/HTL/5AHELS/Diplomarbeit/texlive/2026/texmf-dist/tex/latex/pdfpages/pdfpages.sty
Package: pdfpages 2025/07/23 v0.6g Insert pages of external PDF documents (AM)
 (c:/Users/Manuel/Documents/HTL/5AHELS/Diplomarbeit/texlive/2026/texmf-dist/tex/latex/base/ifthen.sty
Package: ifthen 2024/03/16 v1.1e Standard LaTeX ifthen package (DPC)
) (c:/Users/Manuel/Documents/HTL/5AHELS/Diplomarbeit/texlive/2026/texmf-dist/tex/latex/eso-pic/eso-pic.sty
Package: eso-pic 2025/12/10 v3.0d eso-pic (RN)
\ESO@tempdima=\dimen197
\ESO@tempdimb=\dimen198
 (c:/Users/Manuel/Documents/HTL/5AHELS/Diplomarbeit/texlive/2026/texmf-dist/tex/latex/xcolor/xcolor.sty
Package: xcolor 2024/09/29 v3.02 LaTeX color extensions (UK)
 (c:/Users/Manuel/Documents/HTL/5AHELS/Diplomarbeit/texlive/2026/texmf-dist/tex/latex/graphics-cfg/color.cfg
File: color.cfg 2016/01/02 v1.6 sample color configuration
)
Package xcolor Info: Driver file: pdftex.def on input line 274.
 (c:/Users/Manuel/Documents/HTL/5AHELS/Diplomarbeit/texlive/2026/texmf-dist/tex/latex/graphics/mathcolor.ltx)
Package xcolor Info: Model `cmy' substituted by `cmy0' on input line 1349.
Package xcolor Info: Model `hsb' substituted by `rgb' on input line 1353.
Package xcolor Info: Model `RGB' extended on input line 1365.
Package xcolor Info: Model `HTML' substituted by `rgb' on input line 1367.
Package xcolor Info: Model `Hsb' substituted by `hsb' on input line 1368.
Package xcolor Info: Model `tHsb' substituted by `hsb' on input line 1369.
Package xcolor Info: Model `HSB' substituted by `hsb' on input line 1370.
Package xcolor Info: Model `Gray' substituted by `gray' on input line 1371.
Package xcolor Info: Model `wave' substituted by `hsb' on input line 1372.
))
\AM@pagewidth=\dimen199
\AM@pageheight=\dimen256
\AM@fboxrule=\dimen257
 (c:/Users/Manuel/Documents/HTL/5AHELS/Diplomarbeit/texlive/2026/texmf-dist/tex/latex/pdfpages/pppdftex.def
File: pppdftex.def 2025/07/23 v0.6g Pdfpages driver for pdfTeX (AM)
)
\pdfpages@includegraphics@status=\count323
\AM@pagebox=\box65
\AM@global@opts=\toks30
\AM@pagecnt=\count324
\AM@toc@title=\toks31
\AM@lof@heading=\toks32
\c@AM@survey=\count325
\AM@templatesizebox=\box66
) (c:/Users/Manuel/Documents/HTL/5AHELS/Diplomarbeit/texlive/2026/texmf-dist/tex/latex/framed/framed.sty
Package: framed 2011/10/22 v 0.96: framed or shaded text with page breaks
\OuterFrameSep=\skip86
\fb@frw=\dimen258
\fb@frh=\dimen259
\FrameRule=\dimen260
\FrameSep=\dimen261
) (c:/Users/Manuel/Documents/HTL/5AHELS/Diplomarbeit/texlive/2026/texmf-dist/tex/latex/forloop/forloop.sty
Package: forloop 2023/05/03 v3.0 For Loops for LaTeX
) (c:/Users/Manuel/Documents/HTL/5AHELS/Diplomarbeit/texlive/2026/texmf-dist/tex/latex/listings/listings.sty
\lst@mode=\count326
\lst@gtempboxa=\box67
\lst@token=\toks33
\lst@length=\count327
\lst@currlwidth=\dimen262
\lst@column=\count328
\lst@pos=\count329
\lst@lostspace=\dimen263
\lst@width=\dimen264
\lst@newlines=\count330
\lst@lineno=\count331
\lst@maxwidth=\dimen265
 (c:/Users/Manuel/Documents/HTL/5AHELS/Diplomarbeit/texlive/2026/texmf-dist/tex/latex/listings/lstpatch.sty
File: lstpatch.sty 2025/11/14 1.11b (Carsten Heinz)
) (c:/Users/Manuel/Documents/HTL/5AHELS/Diplomarbeit/texlive/2026/texmf-dist/tex/latex/listings/lstmisc.sty
File: lstmisc.sty 2025/11/14 1.11b (Carsten Heinz)
\c@lstnumber=\count332
\lst@skipnumbers=\count333
\lst@framebox=\box68
) (c:/Users/Manuel/Documents/HTL/5AHELS/Diplomarbeit/texlive/2026/texmf-dist/tex/latex/listings/listings.cfg
File: listings.cfg 2025/11/14 1.11b listings configuration
))
Package: listings 2025/11/14 1.11b (Carsten Heinz)

==> First Aid for listings.sty no longer applied!
    Expected:
        2024/09/23 1.10c (Carsten Heinz)
    but found:
        2025/11/14 1.11b (Carsten Heinz)
    so I'm assuming it got fixed.
(c:/Users/Manuel/Documents/HTL/5AHELS/Diplomarbeit/texlive/2026/texmf-dist/tex/latex/fancyvrb/fancyvrb.sty
Package: fancyvrb 2025/07/28 4.6 verbatim text (tvz,hv)
\FV@CodeLineNo=\count334
\FV@InFile=\read3
\FV@TabBox=\box69
\c@FancyVerbLine=\count335
\FV@StepNumber=\count336
\FV@OutFile=\write3
) (c:/Users/Manuel/Documents/HTL/5AHELS/Diplomarbeit/texlive/2026/texmf-dist/tex/latex/colortbl/colortbl.sty
Package: colortbl 2024/10/29 v1.0k Color table columns (DPC)
\everycr=\toks34
\minrowclearance=\skip87
\rownum=\count337
) (c:/Users/Manuel/Documents/HTL/5AHELS/Diplomarbeit/texlive/2026/texmf-dist/tex/latex/psnfss/courier.sty
Package: courier 2020/03/25 PSNFSS-v9.3 (WaS) 
) (c:/Users/Manuel/Documents/HTL/5AHELS/Diplomarbeit/texlive/2026/texmf-dist/tex/latex/psnfss/pifont.sty
Package: pifont 2020/03/25 PSNFSS-v9.3 Pi font support (SPQR) 
LaTeX Font Info:    Trying to load font information for U+pzd on input line 63.
 (c:/Users/Manuel/Documents/HTL/5AHELS/Diplomarbeit/texlive/2026/texmf-dist/tex/latex/psnfss/upzd.fd
File: upzd.fd 2001/06/04 font definitions for U/pzd.
)
LaTeX Font Info:    Trying to load font information for U+psy on input line 64.
 (c:/Users/Manuel/Documents/HTL/5AHELS/Diplomarbeit/texlive/2026/texmf-dist/tex/latex/psnfss/upsy.fd
File: upsy.fd 2001/06/04 font definitions for U/psy.
)) (c:/Users/Manuel/Documents/HTL/5AHELS/Diplomarbeit/texlive/2026/texmf-dist/tex/latex/hyperref/hyperref.sty
Package: hyperref 2026-01-29 v7.01p Hypertext links for LaTeX
 (c:/Users/Manuel/Documents/HTL/5AHELS/Diplomarbeit/texlive/2026/texmf-dist/tex/generic/kvdefinekeys/kvdefinekeys.sty
Package: kvdefinekeys 2019-12-19 v1.6 Define keys (HO)
) (c:/Users/Manuel/Documents/HTL/5AHELS/Diplomarbeit/texlive/2026/texmf-dist/tex/generic/pdfescape/pdfescape.sty
Package: pdfescape 2019/12/09 v1.15 Implements pdfTeX's escape features (HO)
 (c:/Users/Manuel/Documents/HTL/5AHELS/Diplomarbeit/texlive/2026/texmf-dist/tex/generic/pdftexcmds/pdftexcmds.sty
Package: pdftexcmds 2020-06-27 v0.33 Utility functions of pdfTeX for LuaTeX (HO)
 (c:/Users/Manuel/Documents/HTL/5AHELS/Diplomarbeit/texlive/2026/texmf-dist/tex/generic/infwarerr/infwarerr.sty
Package: infwarerr 2019/12/03 v1.5 Providing info/warning/error messages (HO)
)
Package pdftexcmds Info: \pdf@primitive is available.
Package pdftexcmds Info: \pdf@ifprimitive is available.
Package pdftexcmds Info: \pdfdraftmode found.
)) (c:/Users/Manuel/Documents/HTL/5AHELS/Diplomarbeit/texlive/2026/texmf-dist/tex/latex/hycolor/hycolor.sty
Package: hycolor 2020-01-27 v1.10 Color options for hyperref/bookmark (HO)
) (c:/Users/Manuel/Documents/HTL/5AHELS/Diplomarbeit/texlive/2026/texmf-dist/tex/latex/hyperref/nameref.sty
Package: nameref 2026-01-29 v2.58 Cross-referencing by name of section
 (c:/Users/Manuel/Documents/HTL/5AHELS/Diplomarbeit/texlive/2026/texmf-dist/tex/latex/refcount/refcount.sty
Package: refcount 2019/12/15 v3.6 Data extraction from label references (HO)
) (c:/Users/Manuel/Documents/HTL/5AHELS/Diplomarbeit/texlive/2026/texmf-dist/tex/generic/gettitlestring/gettitlestring.sty
Package: gettitlestring 2019/12/15 v1.6 Cleanup title references (HO)
)
\c@section@level=\count338
) (c:/Users/Manuel/Documents/HTL/5AHELS/Diplomarbeit/texlive/2026/texmf-dist/tex/generic/stringenc/stringenc.sty
Package: stringenc 2019/11/29 v1.12 Convert strings between diff. encodings (HO)
)
\@linkdim=\dimen266
\Hy@linkcounter=\count339
\Hy@pagecounter=\count340
 (c:/Users/Manuel/Documents/HTL/5AHELS/Diplomarbeit/texlive/2026/texmf-dist/tex/latex/hyperref/pd1enc.def
File: pd1enc.def 2026-01-29 v7.01p Hyperref: PDFDocEncoding definition (HO)
Now handling font encoding PD1 ...
... no UTF-8 mapping file for font encoding PD1
) (c:/Users/Manuel/Documents/HTL/5AHELS/Diplomarbeit/texlive/2026/texmf-dist/tex/generic/intcalc/intcalc.sty
Package: intcalc 2019/12/15 v1.3 Expandable calculations with integers (HO)
)
\Hy@SavedSpaceFactor=\count341
 (c:/Users/Manuel/Documents/HTL/5AHELS/Diplomarbeit/texlive/2026/texmf-dist/tex/latex/hyperref/puenc.def
File: puenc.def 2026-01-29 v7.01p Hyperref: PDF Unicode definition (HO)
Now handling font encoding PU ...
... no UTF-8 mapping file for font encoding PU
)
Package hyperref Info: Hyper figures OFF on input line 4201.
Package hyperref Info: Link nesting OFF on input line 4206.
Package hyperref Info: Hyper index ON on input line 4209.
Package hyperref Info: Plain pages OFF on input line 4216.
Package hyperref Info: Backreferencing OFF on input line 4221.
Package hyperref Info: Implicit mode ON; LaTeX internals redefined.
Package hyperref Info: Bookmarks ON on input line 4468.
\c@Hy@tempcnt=\count342
 (c:/Users/Manuel/Documents/HTL/5AHELS/Diplomarbeit/texlive/2026/texmf-dist/tex/latex/url/url.sty
\Urlmuskip=\muskip18
Package: url 2013/09/16  ver 3.4  Verb mode for urls, etc.
)
LaTeX Info: Redefining \url on input line 4807.
\XeTeXLinkMargin=\dimen267
 (c:/Users/Manuel/Documents/HTL/5AHELS/Diplomarbeit/texlive/2026/texmf-dist/tex/generic/bitset/bitset.sty
Package: bitset 2019/12/09 v1.3 Handle bit-vector datatype (HO)
 (c:/Users/Manuel/Documents/HTL/5AHELS/Diplomarbeit/texlive/2026/texmf-dist/tex/generic/bigintcalc/bigintcalc.sty
Package: bigintcalc 2019/12/15 v1.5 Expandable calculations on big integers (HO)
))
\Fld@menulength=\count343
\Field@Width=\dimen268
\Fld@charsize=\dimen269
Package hyperref Info: Hyper figures OFF on input line 6084.
Package hyperref Info: Link nesting OFF on input line 6089.
Package hyperref Info: Hyper index ON on input line 6092.
Package hyperref Info: backreferencing OFF on input line 6099.
Package hyperref Info: Link coloring OFF on input line 6104.
Package hyperref Info: Link coloring with OCG OFF on input line 6109.
Package hyperref Info: PDF/A mode OFF on input line 6114.
\Hy@abspage=\count344
\c@Item=\count345
\c@Hfootnote=\count346
)
Package hyperref Info: Driver: hpdftex.
 (c:/Users/Manuel/Documents/HTL/5AHELS/Diplomarbeit/texlive/2026/texmf-dist/tex/latex/hyperref/hpdftex.def
File: hpdftex.def 2026-01-29 v7.01p Hyperref driver for pdfTeX
\Fld@listcount=\count347
\c@bookmark@seq@number=\count348
 (c:/Users/Manuel/Documents/HTL/5AHELS/Diplomarbeit/texlive/2026/texmf-dist/tex/latex/rerunfilecheck/rerunfilecheck.sty
Package: rerunfilecheck 2025-06-21 v1.11 Rerun checks for auxiliary files (HO)
 (c:/Users/Manuel/Documents/HTL/5AHELS/Diplomarbeit/texlive/2026/texmf-dist/tex/generic/uniquecounter/uniquecounter.sty
Package: uniquecounter 2019/12/15 v1.4 Provide unlimited unique counter (HO)
)
Package uniquecounter Info: New unique counter `rerunfilecheck' on input line 284.
)
\Hy@SectionHShift=\skip88
) (c:/Users/Manuel/Documents/HTL/5AHELS/Diplomarbeit/texlive/2026/texmf-dist/tex/latex/float/float.sty
Package: float 2001/11/08 v1.3d Float enhancements (AL)
\c@float@type=\count349
\float@exts=\toks35
\float@box=\box70
\@float@everytoks=\toks36
\@floatcapt=\box71
)

Class scrbook Warning: Usage of package `fancyhdr' together
(scrbook)              with a KOMA-Script class is not recommended.
(scrbook)              I'd suggest to use 
(scrbook)              package `scrlayer' or `scrlayer-scrpage', because
(scrbook)              they support KOMA-Script classes.
(scrbook)              With `fancyhdr' several features of class `scrbook'
(scrbook)              like options `headsepline', `footsepline' or command
(scrbook)              `\MakeMarkcase' and the commands `\setkomafont' and
(scrbook)              `\addtokomafont' for the page style elements need
(scrbook)              explicite user intervention to work.
(scrbook)              Nevertheless, using requested
(scrbook)              package `fancyhdr' on input line 42.

(c:/Users/Manuel/Documents/HTL/5AHELS/Diplomarbeit/texlive/2026/texmf-dist/tex/latex/fancyhdr/fancyhdr.sty
Package: fancyhdr 2025/02/07 v5.2 Extensive control of page headers and footers
\f@nch@headwidth=\skip89
\f@nch@offset@elh=\skip90
\f@nch@offset@erh=\skip91
\f@nch@offset@olh=\skip92
\f@nch@offset@orh=\skip93
\f@nch@offset@elf=\skip94
\f@nch@offset@erf=\skip95
\f@nch@offset@olf=\skip96
\f@nch@offset@orf=\skip97
\f@nch@height=\skip98
\f@nch@footalignment=\skip99
\f@nch@widthL=\skip100
\f@nch@widthC=\skip101
\f@nch@widthR=\skip102
\@temptokenb=\toks37
) (c:/Users/Manuel/Documents/HTL/5AHELS/Diplomarbeit/texlive/2026/texmf-dist/tex/latex/lipsum/lipsum.sty (c:/Users/Manuel/Documents/HTL/5AHELS/Diplomarbeit/texlive/2026/texmf-dist/tex/latex/l3packages/l3keys2e/l3keys2e.sty (c:/Users/Manuel/Documents/HTL/5AHELS/Diplomarbeit/texlive/2026/texmf-dist/tex/latex/l3kernel/expl3.sty
Package: expl3 2026-01-19 L3 programming layer (loader) 
 (c:/Users/Manuel/Documents/HTL/5AHELS/Diplomarbeit/texlive/2026/texmf-dist/tex/latex/l3backend/l3backend-pdftex.def
File: l3backend-pdftex.def 2025-10-09 L3 backend support: PDF output (pdfTeX)
\l__color_backend_stack_int=\count350
))
Package: l3keys2e 2025-10-09 LaTeX2e option processing using LaTeX3 keys
)
Package: lipsum 2021-09-20 v2.7 150 paragraphs of Lorem Ipsum dummy text
\g__lipsum_par_int=\count351
\l__lipsum_a_int=\count352
\l__lipsum_b_int=\count353
 (c:/Users/Manuel/Documents/HTL/5AHELS/Diplomarbeit/texlive/2026/texmf-dist/tex/latex/lipsum/lipsum.ltd.tex)) (c:/Users/Manuel/Documents/HTL/5AHELS/Diplomarbeit/texlive/2026/texmf-dist/tex/latex/tools/multicol.sty
Package: multicol 2025/10/21 v2.0b multicolumn formatting (FMi)
\c@tracingmulticols=\count354
\mult@box=\box72
\multicol@leftmargin=\dimen270
\c@unbalance=\count355
\c@collectmore=\count356
\doublecol@number=\count357
\multicoltolerance=\count358
\multicolpretolerance=\count359
\full@width=\dimen271
\page@free=\dimen272
\premulticols=\dimen273
\postmulticols=\dimen274
\multicolsep=\skip103
\multicolbaselineskip=\skip104
\partial@page=\box73
\last@line=\box74
\mc@boxedresult=\box75
\maxbalancingoverflow=\dimen275
\mult@rightbox=\box76
\mult@grightbox=\box77
\mult@firstbox=\box78
\mult@gfirstbox=\box79
\@tempa=\box80
\@tempa=\box81
\@tempa=\box82
\@tempa=\box83
\@tempa=\box84
\@tempa=\box85
\@tempa=\box86
\@tempa=\box87
\@tempa=\box88
\@tempa=\box89
\@tempa=\box90
\@tempa=\box91
\@tempa=\box92
\@tempa=\box93
\@tempa=\box94
\@tempa=\box95
\@tempa=\box96
\@tempa=\box97
\@tempa=\box98
\@tempa=\box99
\@tempa=\box100
\@tempa=\box101
\@tempa=\box102
\@tempa=\box103
\@tempa=\box104
\@tempa=\box105
\@tempa=\box106
\@tempa=\box107
\@tempa=\box108
\@tempa=\box109
\@tempa=\box110
\@tempa=\box111
\@tempa=\box112
\@tempa=\box113
\@tempa=\box114
\@tempa=\box115
\c@minrows=\count360
\c@columnbadness=\count361
\c@finalcolumnbadness=\count362
\last@try=\dimen276
\multicolovershoot=\dimen277
\multicolundershoot=\dimen278
\mult@nat@firstbox=\box116
\colbreak@box=\box117
\mc@col@check@num=\count363
\g__mc_curr_col_int=\count364
)) (c:/Users/Manuel/Documents/HTL/5AHELS/Diplomarbeit/texlive/2026/texmf-dist/tex/latex/setspace/setspace.sty
Package: setspace 2022/12/04 v6.7b set line spacing
)
Class scrbook Info: loading recommended package `bookmark'.
(scrbook)           Using `bookmark' together with `hyperref' is recommended,
(scrbook)           because of handling of possible bookmark level gaps.
(scrbook)           You can avoid loading `bookmark' with KOMA-Script option
(scrbook)           `bookmarkpackage=false' before \begin{document} and
(scrbook)           you can avoid this message adding:
(scrbook)             \usepackage{bookmark}
(scrbook)           before \begin{document} on input line 14.
 (c:/Users/Manuel/Documents/HTL/5AHELS/Diplomarbeit/texlive/2026/texmf-dist/tex/latex/bookmark/bookmark.sty
Package: bookmark 2023-12-10 v1.31 PDF bookmarks (HO)
 (c:/Users/Manuel/Documents/HTL/5AHELS/Diplomarbeit/texlive/2026/texmf-dist/tex/latex/bookmark/bkm-pdftex.def
File: bkm-pdftex.def 2023-12-10 v1.31 bookmark driver for pdfTeX and luaTeX (HO)
\BKM@id=\count365
)) (./main.aux)
\openout1 = `main.aux'.

LaTeX Font Info:    Checking defaults for OML/cmm/m/it on input line 14.
LaTeX Font Info:    ... okay on input line 14.
LaTeX Font Info:    Checking defaults for OMS/cmsy/m/n on input line 14.
LaTeX Font Info:    ... okay on input line 14.
LaTeX Font Info:    Checking defaults for OT1/cmr/m/n on input line 14.
LaTeX Font Info:    ... okay on input line 14.
LaTeX Font Info:    Checking defaults for T1/cmr/m/n on input line 14.
LaTeX Font Info:    ... okay on input line 14.
LaTeX Font Info:    Checking defaults for TS1/cmr/m/n on input line 14.
LaTeX Font Info:    ... okay on input line 14.
LaTeX Font Info:    Checking defaults for OMX/cmex/m/n on input line 14.
LaTeX Font Info:    ... okay on input line 14.
LaTeX Font Info:    Checking defaults for U/cmr/m/n on input line 14.
LaTeX Font Info:    ... okay on input line 14.
LaTeX Font Info:    Checking defaults for PD1/pdf/m/n on input line 14.
LaTeX Font Info:    ... okay on input line 14.
LaTeX Font Info:    Checking defaults for PU/pdf/m/n on input line 14.
LaTeX Font Info:    ... okay on input line 14.
Package scrbase Info: activating english \partname on input line 14.
Package scrbase Info: activating english \chaptername on input line 14.
Package scrbase Info: activating english \appendixname on input line 14.
Package scrbase Info: activating english \figurename on input line 14.
Package scrbase Info: activating english \tablename on input line 14.
Package scrbase Info: activating english \contentsname on input line 14.
Package scrbase Info: activating english \listfigurename on input line 14.
Package scrbase Info: activating english \listtablename on input line 14.
Package scrbase Info: activating english \bibname on input line 14.
Package scrbase Info: activating english \indexname on input line 14.

*geometry* driver: auto-detecting
*geometry* detected driver: pdftex
*geometry* verbose mode - [ preamble ] result:
* driver: pdftex
* paper: a4paper
* layout: <same size as paper>
* layoutoffset:(h,v)=(0.0pt,0.0pt)
* modes: 
* h-part:(L,W,R)=(89.62709pt, 436.7489pt, 71.13188pt)
* v-part:(T,H,B)=(101.40665pt, 658.28194pt, 85.35826pt)
* \paperwidth=597.50787pt
* \paperheight=845.04684pt
* \textwidth=436.7489pt
* \textheight=658.28194pt
* \oddsidemargin=17.3571pt
* \evensidemargin=17.3571pt
* \topmargin=-10.73834pt
* \headheight=18.125pt
* \headsep=21.75pt
* \topskip=12.0pt
* \footskip=50.75pt
* \marginparwidth=49.79233pt
* \marginparsep=12.8401pt
* \columnsep=10.0pt
* \skip\footins=10.8pt plus 4.0pt minus 2.0pt
* \hoffset=0.0pt
* \voffset=0.0pt
* \mag=1000
* \@twocolumnfalse
* \@twosidefalse
* \@mparswitchfalse
* \@reversemarginfalse
* (1in=72.27pt=25.4mm, 1cm=28.453pt)

(c:/Users/Manuel/Documents/HTL/5AHELS/Diplomarbeit/texlive/2026/texmf-dist/tex/context/base/mkii/supp-pdf.mkii
[Loading MPS to PDF converter (version 2006.09.02).]
\scratchcounter=\count366
\scratchdimen=\dimen279
\scratchbox=\box118
\nofMPsegments=\count367
\nofMParguments=\count368
\everyMPshowfont=\toks38
\MPscratchCnt=\count369
\MPscratchDim=\dimen280
\MPnumerator=\count370
\makeMPintoPDFobject=\count371
\everyMPtoPDFconversion=\toks39
) (c:/Users/Manuel/Documents/HTL/5AHELS/Diplomarbeit/texlive/2026/texmf-dist/tex/latex/epstopdf-pkg/epstopdf-base.sty
Package: epstopdf-base 2020-01-24 v2.11 Base part for package epstopdf
Package epstopdf-base Info: Redefining graphics rule for `.eps' on input line 485.
 (c:/Users/Manuel/Documents/HTL/5AHELS/Diplomarbeit/texlive/2026/texmf-dist/tex/latex/latexconfig/epstopdf-sys.cfg
File: epstopdf-sys.cfg 2010/07/13 v1.3 Configuration of (r)epstopdf for TeX Live
))
Package caption Info: Begin \AtBeginDocument code.
Package caption Info: subfig package v1.3 is loaded.
Package caption Info: float package is loaded.
Package caption Info: hyperref package is loaded.
Package caption Info: listings package is loaded.
Package caption Info: End \AtBeginDocument code.
 (c:/Users/Manuel/Documents/HTL/5AHELS/Diplomarbeit/texlive/2026/texmf-dist/tex/latex/pdflscape/pdflscape.sty
Package: pdflscape 2025-06-23 v0.14 Display of landscape pages in PDF
 (c:/Users/Manuel/Documents/HTL/5AHELS/Diplomarbeit/texlive/2026/texmf-dist/tex/latex/pdflscape/pdflscape-nometadata.sty
Package: pdflscape-nometadata 2025-06-23 v0.14 Display of landscape pages in PDF (HO)
Package pdflscape Info: Auto-detected driver: pdftex on input line 81.
))
\c@lstlisting=\count372
Package tocbasic Info: setting babel extension for `lol' on input line 14.
\scr@dte@lstlisting@maxnumwidth=\skip105
Package hyperref Info: Link coloring OFF on input line 14.
 (./chapters/00_deckblatt.tex
<media/images/htl_c_cmyk_rein.pdf, id=4, 315.82591pt x 165.02654pt>
File: media/images/htl_c_cmyk_rein.pdf Graphic file (type pdf)
<use media/images/htl_c_cmyk_rein.pdf>
Package pdftex.def Info: media/images/htl_c_cmyk_rein.pdf  used on input line 33.
(pdftex.def)             Requested size: 69.87901pt x 36.51242pt.
LaTeX Font Info:    Trying to load font information for U+msa on input line 33.
 (c:/Users/Manuel/Documents/HTL/5AHELS/Diplomarbeit/texlive/2026/texmf-dist/tex/latex/amsfonts/umsa.fd
File: umsa.fd 2013/01/14 v3.01 AMS symbols A
)
LaTeX Font Info:    Trying to load font information for U+msb on input line 33.
 (c:/Users/Manuel/Documents/HTL/5AHELS/Diplomarbeit/texlive/2026/texmf-dist/tex/latex/amsfonts/umsb.fd
File: umsb.fd 2013/01/14 v3.01 AMS symbols B
)
<media/images/htl-bildung-mit-zukunft.png, id=5, 82.8696pt x 36.6168pt>
File: media/images/htl-bildung-mit-zukunft.png Graphic file (type png)
<use media/images/htl-bildung-mit-zukunft.png>
Package pdftex.def Info: media/images/htl-bildung-mit-zukunft.png  used on input line 33.
(pdftex.def)             Requested size: 69.87901pt x 30.87746pt.

Underfull \hbox (badness 10000) in paragraph at lines 33--33

 []

[1



{c:/Users/Manuel/Documents/HTL/5AHELS/Diplomarbeit/texlive/2026/texmf-var/fonts/map/pdftex/updmap/pdftex.map}{c:/Users/Manuel/Documents/HTL/5AHELS/Diplomarbeit/texlive/2026/texmf-dist/fonts/enc/dvips/cm-super/cm-super-t1.enc} <./media/images/htl_c_cmyk_rein.pdf> <./media/images/htl-bildung-mit-zukunft.png>]) (./chapters/00_ee.tex
<media/images/sig_liam.png, id=39, 216.05719pt x 108.405pt>
File: media/images/sig_liam.png Graphic file (type png)
<use media/images/sig_liam.png>
Package pdftex.def Info: media/images/sig_liam.png  used on input line 20.
(pdftex.def)             Requested size: 158.78857pt x 79.6678pt.

Overfull \hbox (12.0pt too wide) in paragraph at lines 19--23
[]|[]| 
 []

<media/images/sig_manuel.png, id=40, 219.06844pt x 67.0003pt>
File: media/images/sig_manuel.png Graphic file (type png)
<use media/images/sig_manuel.png>
Package pdftex.def Info: media/images/sig_manuel.png  used on input line 32.
(pdftex.def)             Requested size: 163.73265pt x 50.07669pt.

Overfull \hbox (12.0pt too wide) in paragraph at lines 31--35
[]|[]| 
 []

<media/images/sig_fabian.png, id=41, 266.49562pt x 62.48344pt>
File: media/images/sig_fabian.png Graphic file (type png)
<use media/images/sig_fabian.png>
Package pdftex.def Info: media/images/sig_fabian.png  used on input line 44.
(pdftex.def)             Requested size: 213.58716pt x 50.07669pt.

Overfull \hbox (12.0pt too wide) in paragraph at lines 43--48
[]|[]| 
 []

) (./chapters/00_abstract.tex
Overfull \hbox (14.0424pt too wide) in paragraph at lines 11--2
[]
 []


Underfull \hbox (badness 10000) in paragraph at lines 11--2

 []

[2


 <./media/images/sig_liam.png> <./media/images/sig_manuel.png> <./media/images/sig_fabian.png>] [3




]) [4




] (./main.toc [5


]
Overfull \hbox (20.012pt too wide) in paragraph at lines 50--50
 [][] [][]\T1/cmr/m/n/12 Benutzeroberfl‰che und App-Architektur (GUI als Demon- 
 []

<./media/images/htl_c_cmyk_rein.pdf, id=159, 315.82591pt x 165.02654pt>
File: ./media/images/htl_c_cmyk_rein.pdf Graphic file (type pdf)
<use ./media/images/htl_c_cmyk_rein.pdf>
Package pdftex.def Info: ./media/images/htl_c_cmyk_rein.pdf  used on input line 65.
(pdftex.def)             Requested size: 25.6073pt x 13.37865pt.
[6 <./media/images/htl_c_cmyk_rein.pdf>])
\tf@toc=\write4
\openout4 = `main.toc'.

 (./chapters/01_introduction.tex
File: ./media/images/htl_c_cmyk_rein.pdf Graphic file (type pdf)
<use ./media/images/htl_c_cmyk_rein.pdf>
Package pdftex.def Info: ./media/images/htl_c_cmyk_rein.pdf  used on input line 3.
(pdftex.def)             Requested size: 25.6073pt x 13.37865pt.
 [1]
chapter 1.

Overfull \hbox (15.09438pt too wide) in paragraph at lines 9--10
\T1/cmr/m/n/12 und tech-nol-o-gis-cher H¸r-den. Mo-bile As-sis-ten-zsys-teme m¸ssen eine Echtzeit-Verarbeitung
 []


Overfull \hbox (6.24008pt too wide) in paragraph at lines 9--10
\T1/cmr/m/n/12 basierte An-s‰tze eine st‰ndige In-ter-netverbindung, was die Zu-ver-l‰s-sigkeit in geschlosse-
 []

) (./chapters/02_use_cases.tex [2


]
File: ./media/images/htl_c_cmyk_rein.pdf Graphic file (type pdf)
<use ./media/images/htl_c_cmyk_rein.pdf>
Package pdftex.def Info: ./media/images/htl_c_cmyk_rein.pdf  used on input line 3.
(pdftex.def)             Requested size: 25.6073pt x 13.37865pt.
 [3]
chapter 2.

Overfull \hbox (15.75539pt too wide) in paragraph at lines 5--6
\T1/cmr/m/n/12 An-wen-dungsszenar-ien (Use Cases) beschrieben. Diese Szenar-ien repr‰sen-tieren allt‰gliche
 []

[4


]
Overfull \hbox (1.99403pt too wide) in paragraph at lines 23--24
\T1/cmr/m/n/12 Anstatt die Umge-bung ph-ysisch abzu-tas-ten, nutzt der An-wen-der die in-te-gri-erte Sprach-
 []

) (./chapters/03_Konzept.tex
File: ./media/images/htl_c_cmyk_rein.pdf Graphic file (type pdf)
<use ./media/images/htl_c_cmyk_rein.pdf>
Package pdftex.def Info: ./media/images/htl_c_cmyk_rein.pdf  used on input line 2.
(pdftex.def)             Requested size: 25.6073pt x 13.37865pt.
 [5]
chapter 3.

Package hyperref Warning: Token not allowed in a PDF string (Unicode):
(hyperref)                removing `math shift' on input line 16.


Package hyperref Warning: Token not allowed in a PDF string (Unicode):
(hyperref)                removing `\rightarrow' on input line 16.


Package hyperref Warning: Token not allowed in a PDF string (Unicode):
(hyperref)                removing `math shift' on input line 16.


Package hyperref Warning: Token not allowed in a PDF string (Unicode):
(hyperref)                removing `math shift' on input line 16.


Package hyperref Warning: Token not allowed in a PDF string (Unicode):
(hyperref)                removing `\rightarrow' on input line 16.


Package hyperref Warning: Token not allowed in a PDF string (Unicode):
(hyperref)                removing `math shift' on input line 16.

[6


]
LaTeX Font Info:    Trying to load font information for T1+pcr on input line 21.
 (c:/Users/Manuel/Documents/HTL/5AHELS/Diplomarbeit/texlive/2026/texmf-dist/tex/latex/psnfss/t1pcr.fd
File: t1pcr.fd 2001/06/04 font definitions for T1/pcr.
) (c:/Users/Manuel/Documents/HTL/5AHELS/Diplomarbeit/texlive/2026/texmf-dist/tex/latex/listings/lstlang1.sty
File: lstlang1.sty 2025/11/14 1.11b listings language file
)
File: ./media/images/htl_c_cmyk_rein.pdf Graphic file (type pdf)
<use ./media/images/htl_c_cmyk_rein.pdf>
Package pdftex.def Info: ./media/images/htl_c_cmyk_rein.pdf  used on input line 36.
(pdftex.def)             Requested size: 25.6073pt x 13.37865pt.
 [7{c:/Users/Manuel/Documents/HTL/5AHELS/Diplomarbeit/texlive/2026/texmf-dist/fonts/enc/dvips/base/8r.enc}]
<media/images/Grundform-Skizze.png, id=313, 849.1725pt x 511.15968pt>
File: media/images/Grundform-Skizze.png Graphic file (type png)
<use media/images/Grundform-Skizze.png>
Package pdftex.def Info: media/images/Grundform-Skizze.png  used on input line 60.
(pdftex.def)             Requested size: 218.37445pt x 131.44763pt.
File: ./media/images/htl_c_cmyk_rein.pdf Graphic file (type pdf)
<use ./media/images/htl_c_cmyk_rein.pdf>
Package pdftex.def Info: ./media/images/htl_c_cmyk_rein.pdf  used on input line 63.
(pdftex.def)             Requested size: 25.6073pt x 13.37865pt.
 [8{c:/Users/Manuel/Documents/HTL/5AHELS/Diplomarbeit/texlive/2026/texmf-dist/fonts/enc/dvips/cm-super/cm-super-ts1.enc}]
File: ./media/images/htl_c_cmyk_rein.pdf Graphic file (type pdf)
<use ./media/images/htl_c_cmyk_rein.pdf>
Package pdftex.def Info: ./media/images/htl_c_cmyk_rein.pdf  used on input line 84.
(pdftex.def)             Requested size: 25.6073pt x 13.37865pt.
 [9 <./media/images/Grundform-Skizze.png>]
<media/images/Button-√ñffnung.jpg, id=324, 252.507pt x 59.568pt>
File: media/images/Button-√ñffnung.jpg Graphic file (type jpg)
<use media/images/Button-√ñffnung.jpg>
Package pdftex.def Info: media/images/Button-√ñffnung.jpg  used on input line 87.
(pdftex.def)             Requested size: 240.21323pt x 56.66832pt.
<media/images/Nasenbereich-Erweiterung.jpg, id=325, 240.1335pt x 97.893pt>
File: media/images/Nasenbereich-Erweiterung.jpg Graphic file (type jpg)
<use media/images/Nasenbereich-Erweiterung.jpg>
Package pdftex.def Info: media/images/Nasenbereich-Erweiterung.jpg  used on input line 105.
(pdftex.def)             Requested size: 218.37445pt x 89.0245pt.

Underfull \hbox (badness 10000) in paragraph at lines 110--112

 []

File: ./media/images/htl_c_cmyk_rein.pdf Graphic file (type pdf)
<use ./media/images/htl_c_cmyk_rein.pdf>
Package pdftex.def Info: ./media/images/htl_c_cmyk_rein.pdf  used on input line 117.
(pdftex.def)             Requested size: 25.6073pt x 13.37865pt.
[10 <./media/images/Button-√ñffnung.jpg> <./media/images/Nasenbereich-Erweiterung.jpg>]
<media/images/Abdeckungs-St√ºtzen.png, id=332, 207.174pt x 118.917pt>
File: media/images/Abdeckungs-St√ºtzen.png Graphic file (type png)
<use media/images/Abdeckungs-St√ºtzen.png>
Package pdftex.def Info: media/images/Abdeckungs-St√ºtzen.png  used on input line 129.
(pdftex.def)             Requested size: 218.37445pt x 125.34555pt.
<media/images/Auflagefl√§chen.png, id=333, 463.7325pt x 202.7575pt>
File: media/images/Auflagefl√§chen.png Graphic file (type png)
<use media/images/Auflagefl√§chen.png>
Package pdftex.def Info: media/images/Auflagefl√§chen.png  used on input line 141.
(pdftex.def)             Requested size: 174.69688pt x 76.38347pt.
<media/images/Haken.png, id=334, 441.65pt x 247.92625pt>
File: media/images/Haken.png Graphic file (type png)
<use media/images/Haken.png>
Package pdftex.def Info: media/images/Haken.png  used on input line 150.
(pdftex.def)             Requested size: 109.18723pt x 61.2929pt.
File: ./media/images/htl_c_cmyk_rein.pdf Graphic file (type pdf)
<use ./media/images/htl_c_cmyk_rein.pdf>
Package pdftex.def Info: ./media/images/htl_c_cmyk_rein.pdf  used on input line 154.
(pdftex.def)             Requested size: 25.6073pt x 13.37865pt.
 [11 <./media/images/Abdeckungs-St√ºtzen.png> <./media/images/Auflagefl√§chen.png>]
<media/images/Haken-Gegenst√ºck.png, id=342, 331.2375pt x 387.4475pt>
File: media/images/Haken-Gegenst√ºck.png Graphic file (type png)
<use media/images/Haken-Gegenst√ºck.png>
Package pdftex.def Info: media/images/Haken-Gegenst√ºck.png  used on input line 157.
(pdftex.def)             Requested size: 87.34843pt x 102.17058pt.


LaTeX Warning: Citation `scharnier_vorlage' on page 12 undefined on input line 170.

File: ./media/images/htl_c_cmyk_rein.pdf Graphic file (type pdf)
<use ./media/images/htl_c_cmyk_rein.pdf>
Package pdftex.def Info: ./media/images/htl_c_cmyk_rein.pdf  used on input line 171.
(pdftex.def)             Requested size: 25.6073pt x 13.37865pt.
[12 <./media/images/Haken.png> <./media/images/Haken-Gegenst√ºck.png>]
Overfull \hbox (1.03358pt too wide) in paragraph at lines 174--175
\T1/cmr/m/n/12 gewonnenen Erken-nt-nisse aus den bish-eri-gen Ver-sio-nen ange-wandt wer-den sollen. 
 []


Overfull \hbox (29.01552pt too wide) in paragraph at lines 186--187
\T1/cmr/m/n/12 lich wie bei herkˆmm-lichen Brillen, in zwei sep-a-rate Bere-iche f¸r die Gl‰ser aufzuteilen. 
 []

File: ./media/images/htl_c_cmyk_rein.pdf Graphic file (type pdf)
<use ./media/images/htl_c_cmyk_rein.pdf>
Package pdftex.def Info: ./media/images/htl_c_cmyk_rein.pdf  used on input line 195.
(pdftex.def)             Requested size: 25.6073pt x 13.37865pt.
[13]
File: ./media/images/htl_c_cmyk_rein.pdf Graphic file (type pdf)
<use ./media/images/htl_c_cmyk_rein.pdf>
Package pdftex.def Info: ./media/images/htl_c_cmyk_rein.pdf  used on input line 226.
(pdftex.def)             Requested size: 25.6073pt x 13.37865pt.
 [14]
File: ./media/images/htl_c_cmyk_rein.pdf Graphic file (type pdf)
<use ./media/images/htl_c_cmyk_rein.pdf>
Package pdftex.def Info: ./media/images/htl_c_cmyk_rein.pdf  used on input line 247.
(pdftex.def)             Requested size: 25.6073pt x 13.37865pt.
 [15]
Overfull \hbox (11.70084pt too wide) in paragraph at lines 248--249
\T1/cmr/m/n/12 men verbinden. In vorheri-gen Ab-bil-dun-gen (\T1/cmr/m/it/12 siehe Ab-deck-ung v1\T1/cmr/m/n/12 ) ist der An-schraubpunkt
 []


Overfull \hbox (0.34285pt too wide) in paragraph at lines 257--258
[]\T1/cmr/bx/n/12 Datenerfassung: \T1/cmr/m/n/12 Kam-era und ToF-Sensor er-fassen syn-chron die vi-suelle Umge-
 []


Overfull \hbox (14.17844pt too wide) in paragraph at lines 258--259
\T1/cmr/m/n/12 vante Ob-jek-tko-or-di-naten und ¸bertr‰gt diese asyn-chron ¸ber eine TCP-Verbindung
 []


Overfull \hbox (0.97188pt too wide) in paragraph at lines 260--261
[]\T1/cmr/bx/n/12 Feedback: \T1/cmr/m/n/12 Das Sys-tem gener-iert akustis-che Sig-nale oder Sprachaus-gaben (TTS)
 []

File: ./media/images/htl_c_cmyk_rein.pdf Graphic file (type pdf)
<use ./media/images/htl_c_cmyk_rein.pdf>
Package pdftex.def Info: ./media/images/htl_c_cmyk_rein.pdf  used on input line 266.
(pdftex.def)             Requested size: 25.6073pt x 13.37865pt.
[16]) (./chapters/04_Umsetzung.tex
File: ./media/images/htl_c_cmyk_rein.pdf Graphic file (type pdf)
<use ./media/images/htl_c_cmyk_rein.pdf>
Package pdftex.def Info: ./media/images/htl_c_cmyk_rein.pdf  used on input line 2.
(pdftex.def)             Requested size: 25.6073pt x 13.37865pt.
 [17]
chapter 4.

Overfull \hbox (0.38501pt too wide) in paragraph at lines 9--10
\T1/cmr/m/n/12 tion, die asyn-chrone Daten-ver-ar-beitung und das Spe-icher-man-age-ment de-tail-liert. 
 []

<media/images/openmv_ide.png, id=378, 414.54875pt x 122.4575pt>
File: media/images/openmv_ide.png Graphic file (type png)
<use media/images/openmv_ide.png>
Package pdftex.def Info: media/images/openmv_ide.png  used on input line 19.
(pdftex.def)             Requested size: 174.69688pt x 51.6037pt.
[18


]
Overfull \hbox (32.47304pt too wide) in paragraph at lines 24--26
\T1/cmr/m/n/12 darunter den An-droid Pro-filer zur Echtzei-t-anal-yse der Netzwerk- und CPU-Auslastung. 
 []

<media/images/android_studio.png, id=385, 1204.5pt x 632.3625pt>
File: media/images/android_studio.png Graphic file (type png)
<use media/images/android_studio.png>
Package pdftex.def Info: media/images/android_studio.png  used on input line 29.
(pdftex.def)             Requested size: 174.69688pt x 91.71432pt.

Overfull \hbox (20.44687pt too wide) in paragraph at lines 35--36
\T1/cmr/m/n/12 tung der Android-Applikation wer-den ¸ber zwei zen-trale Steuerungs-dateien definiert. 
 []


Overfull \hbox (47.13393pt too wide) in paragraph at lines 40--43
\T1/cmr/m/n/12 den TCP-Stream bei deak-tiviertem Bild-schirm aufrechtzuer-hal-ten, wird der \T1/pcr/m/n/12 AscentaService
 []


Overfull \hbox (1.98045pt too wide) in paragraph at lines 40--43
\T1/cmr/m/n/12 ex-plizit mit dem At-tribut \T1/pcr/m/n/12 foregroundServiceType="connectedDevice" \T1/cmr/m/n/12 beim
 []

File: ./media/images/htl_c_cmyk_rein.pdf Graphic file (type pdf)
<use ./media/images/htl_c_cmyk_rein.pdf>
Package pdftex.def Info: ./media/images/htl_c_cmyk_rein.pdf  used on input line 43.
(pdftex.def)             Requested size: 25.6073pt x 13.37865pt.
[19 <./media/images/openmv_ide.png> <./media/images/android_studio.png>] (c:/Users/Manuel/Documents/HTL/5AHELS/Diplomarbeit/texlive/2026/texmf-dist/tex/latex/listings/lstlang1.sty
File: lstlang1.sty 2025/11/14 1.11b listings language file
)
Overfull \hbox (43.80301pt too wide) in paragraph at lines 62--63
\T1/cmr/m/n/12 men-tiert hi-er-f¸r eine strikte State-Machine in-ner-halb eines \T1/pcr/m/n/12 BluetoothGattCallback\T1/cmr/m/n/12 . 
 []

File: ./media/images/htl_c_cmyk_rein.pdf Graphic file (type pdf)
<use ./media/images/htl_c_cmyk_rein.pdf>
Package pdftex.def Info: ./media/images/htl_c_cmyk_rein.pdf  used on input line 63.
(pdftex.def)             Requested size: 25.6073pt x 13.37865pt.
[20]
Overfull \hbox (59.95813pt too wide) in paragraph at lines 89--90
\T1/cmr/m/n/12 dert. Die Firmware kon-fig-uri-ert den Socket auf dem Nicla Vi-sion mit-tels \T1/pcr/m/n/12 setblocking(False)\T1/cmr/m/n/12 .
 []

File: ./media/images/htl_c_cmyk_rein.pdf Graphic file (type pdf)
<use ./media/images/htl_c_cmyk_rein.pdf>
Package pdftex.def Info: ./media/images/htl_c_cmyk_rein.pdf  used on input line 91.
(pdftex.def)             Requested size: 25.6073pt x 13.37865pt.
[21]
Overfull \hbox (11.08755pt too wide) in paragraph at lines 92--93
\T1/cmr/m/n/12 strom (\T1/cmr/m/it/12 Stream\T1/cmr/m/n/12 ) in-ter-leavt kon-tinuier-liche Textnachrichten (JSON-Telemetrie) mit groˇen
 []


Overfull \hbox (11.09949pt too wide) in paragraph at lines 94--95
\T1/cmr/m/n/12 sive Payload-Grˆˇe vo-ran (z.B. \T1/pcr/m/n/12 AUD_START:12500\T1/cmr/m/n/12 ). Der An-droid \T1/pcr/m/n/12 AscentaService
 []

File: ./media/images/htl_c_cmyk_rein.pdf Graphic file (type pdf)
<use ./media/images/htl_c_cmyk_rein.pdf>
Package pdftex.def Info: ./media/images/htl_c_cmyk_rein.pdf  used on input line 120.
(pdftex.def)             Requested size: 25.6073pt x 13.37865pt.
[22]
Overfull \hbox (2.35077pt too wide) in paragraph at lines 123--124
\T1/cmr/m/n/12 Die Ap-p-lika-tion im-ple-men-tiert einen asyn-chro-nen Watch-dog, um Verbindungsab-br¸che
 []


Overfull \hbox (46.49329pt too wide) in paragraph at lines 144--145
\T1/cmr/m/n/12 nisierten Kon-tex-twech-sel zur¸ck auf den Main-Thread durch (\T1/pcr/m/n/12 withContext(Dispatchers.
 []


Overfull \hbox (3.00316pt too wide) in paragraph at lines 147--148
\T1/pcr/m/n/12 micropython.alloc_emergency_exception_buf(100)\T1/cmr/m/n/12 . Zu-dem erzwingt der
 []


Overfull \hbox (42.39531pt too wide) in paragraph at lines 147--148
\T1/cmr/m/n/12 wird strate-gisch nach je-dem Frame-Snapshot manuell aufgerufen, um der Heap-Fragmentierung
 []

File: ./media/images/htl_c_cmyk_rein.pdf Graphic file (type pdf)
<use ./media/images/htl_c_cmyk_rein.pdf>
Package pdftex.def Info: ./media/images/htl_c_cmyk_rein.pdf  used on input line 148.
(pdftex.def)             Requested size: 25.6073pt x 13.37865pt.
[23]
File: ./media/images/htl_c_cmyk_rein.pdf Graphic file (type pdf)
<use ./media/images/htl_c_cmyk_rein.pdf>
Package pdftex.def Info: ./media/images/htl_c_cmyk_rein.pdf  used on input line 174.
(pdftex.def)             Requested size: 25.6073pt x 13.37865pt.
 [24]
File: ./media/images/htl_c_cmyk_rein.pdf Graphic file (type pdf)
<use ./media/images/htl_c_cmyk_rein.pdf>
Package pdftex.def Info: ./media/images/htl_c_cmyk_rein.pdf  used on input line 200.
(pdftex.def)             Requested size: 25.6073pt x 13.37865pt.
 [25]
Overfull \hbox (28.65967pt too wide) in paragraph at lines 207--208
[]\T1/cmr/m/n/12 Ðberschreitet der kom-binierte Beschle-u-ni-gungsvek-tor einen em-pirisch er-mit-tel-ten Schwellen-
 []

File: ./media/images/htl_c_cmyk_rein.pdf Graphic file (type pdf)
<use ./media/images/htl_c_cmyk_rein.pdf>
Package pdftex.def Info: ./media/images/htl_c_cmyk_rein.pdf  used on input line 234.
(pdftex.def)             Requested size: 25.6073pt x 13.37865pt.
[26]
Overfull \hbox (4.55537pt too wide) in paragraph at lines 235--236
[]\T1/cmr/m/n/12 Durch den geziel-ten Ein-satz von \T1/pcr/m/n/12 memoryview \T1/cmr/m/n/12 wird eine \T1/cmr/m/it/12 Zero-Copy\T1/cmr/m/n/12 -Zuweisung erzwun-
 []

File: ./media/images/htl_c_cmyk_rein.pdf Graphic file (type pdf)
<use ./media/images/htl_c_cmyk_rein.pdf>
Package pdftex.def Info: ./media/images/htl_c_cmyk_rein.pdf  used on input line 264.
(pdftex.def)             Requested size: 25.6073pt x 13.37865pt.
[27]
Overfull \hbox (14.20209pt too wide) in paragraph at lines 266--267
\T1/cmr/m/n/12 Nach der Tran-skrip-tion des Au-diosig-nals oder der Ob-jek-terken-nung er-folgt die Sprachaus-
 []

File: ./media/images/htl_c_cmyk_rein.pdf Graphic file (type pdf)
<use ./media/images/htl_c_cmyk_rein.pdf>
Package pdftex.def Info: ./media/images/htl_c_cmyk_rein.pdf  used on input line 278.
(pdftex.def)             Requested size: 25.6073pt x 13.37865pt.
[28]
File: ./media/images/htl_c_cmyk_rein.pdf Graphic file (type pdf)
<use ./media/images/htl_c_cmyk_rein.pdf>
Package pdftex.def Info: ./media/images/htl_c_cmyk_rein.pdf  used on input line 308.
(pdftex.def)             Requested size: 25.6073pt x 13.37865pt.
 [29]
File: ./media/images/htl_c_cmyk_rein.pdf Graphic file (type pdf)
<use ./media/images/htl_c_cmyk_rein.pdf>
Package pdftex.def Info: ./media/images/htl_c_cmyk_rein.pdf  used on input line 341.
(pdftex.def)             Requested size: 25.6073pt x 13.37865pt.
 [30]
File: ./media/images/htl_c_cmyk_rein.pdf Graphic file (type pdf)
<use ./media/images/htl_c_cmyk_rein.pdf>
Package pdftex.def Info: ./media/images/htl_c_cmyk_rein.pdf  used on input line 367.
(pdftex.def)             Requested size: 25.6073pt x 13.37865pt.
 [31]
File: ./media/images/htl_c_cmyk_rein.pdf Graphic file (type pdf)
<use ./media/images/htl_c_cmyk_rein.pdf>
Package pdftex.def Info: ./media/images/htl_c_cmyk_rein.pdf  used on input line 377.
(pdftex.def)             Requested size: 25.6073pt x 13.37865pt.
 [32]
Overfull \hbox (0.90402pt too wide) in paragraph at lines 379--380
\T1/cmr/m/n/12 (Taps) den typ-is-chen Stˆr-be-we-gun-gen eines Nutzers (wie schnelles Gehen, Kopf-drehun-
 []


Overfull \hbox (15.41145pt too wide) in paragraph at lines 384--385
\T1/cmr/m/n/12 Rah-men dieses Pro-to-typs nicht re-al-isier-bar waren, st¸tzt sich die en-er-getis-che Evaluierung
 []


Overfull \hbox (35.0077pt too wide) in paragraph at lines 386--388
\T1/cmr/m/n/12 net sich eine the-o-retis-che Max-i-mal-laufzeit von ex-akt $\OT1/cmr/m/n/12 11\OML/cmm/m/it/12 ; \OT1/cmr/m/n/12 8$ \T1/cmr/m/n/12 Stun-den ($\OT1/cmr/m/n/12 1240 []\OML/cmm/m/it/12 =\OT1/cmr/m/n/12 105 []$\T1/cmr/m/n/12 ). 
 []

) (./chapters/05_futurework.tex
File: ./media/images/htl_c_cmyk_rein.pdf Graphic file (type pdf)
<use ./media/images/htl_c_cmyk_rein.pdf>
Package pdftex.def Info: ./media/images/htl_c_cmyk_rein.pdf  used on input line 2.
(pdftex.def)             Requested size: 25.6073pt x 13.37865pt.
 [33]
File: ./media/images/htl_c_cmyk_rein.pdf Graphic file (type pdf)
<use ./media/images/htl_c_cmyk_rein.pdf>
Package pdftex.def Info: ./media/images/htl_c_cmyk_rein.pdf  used on input line 2.
(pdftex.def)             Requested size: 25.6073pt x 13.37865pt.
 [34]
chapter 5.

Overfull \hbox (3.56718pt too wide) in paragraph at lines 9--10
\T1/cmr/m/n/12 Die ak-tuelle Android-Applikation ver-f¸gt ¸ber eine grafis-che Be-nutze-r-ober-fl‰che (GUI),
 []

[35


]) (./chapters/06_relatedwork.tex
File: ./media/images/htl_c_cmyk_rein.pdf Graphic file (type pdf)
<use ./media/images/htl_c_cmyk_rein.pdf>
Package pdftex.def Info: ./media/images/htl_c_cmyk_rein.pdf  used on input line 2.
(pdftex.def)             Requested size: 25.6073pt x 13.37865pt.
 [36]
File: ./media/images/htl_c_cmyk_rein.pdf Graphic file (type pdf)
<use ./media/images/htl_c_cmyk_rein.pdf>
Package pdftex.def Info: ./media/images/htl_c_cmyk_rein.pdf  used on input line 2.
(pdftex.def)             Requested size: 25.6073pt x 13.37865pt.
 [37]
chapter 6.

Overfull \hbox (13.97154pt too wide) in paragraph at lines 5--6
[]\T1/cmr/m/n/12 Die En-twick-lung von As-sis-ten-zsys-te-men f¸r se-hbeein-tr‰chtigte Per-so-nen ist ein etabliertes
 []

[38


]) (./chapters/07_conclusion.tex
File: ./media/images/htl_c_cmyk_rein.pdf Graphic file (type pdf)
<use ./media/images/htl_c_cmyk_rein.pdf>
Package pdftex.def Info: ./media/images/htl_c_cmyk_rein.pdf  used on input line 2.
(pdftex.def)             Requested size: 25.6073pt x 13.37865pt.
 [39]
chapter 7.
) (./chapters/08_projectmanagement.tex [40


]
chapter 8.

Overfull \hbox (11.71794pt too wide) in paragraph at lines 7--8
\T1/cmr/m/n/12 Ar-beit-steilung zwis-chen den Bere-ichen Soft-ware, Elek-tronik und 3D-Druck zu gew‰hrleis-
 []


Overfull \hbox (20.20612pt too wide) in paragraph at lines 10--11
\T1/cmr/m/n/12 Die wˆchentliche Evaluierung der T‰tigkeits-berichte er-mˆglichte eine pr‰zise Ðberwachung
 []


Overfull \hbox (10.80421pt too wide) in paragraph at lines 10--11
\T1/cmr/m/n/12 an-f‰ngliche Un-ter-sch‰tzung ist typ-isch f¸r kom-plexe Hardware-Software-Kombinationen,
 []

[41


]
Overfull \hbox (226.63954pt too wide) in paragraph at lines 18--24
\T1/cmr/m/n/12 Gesamtarbeitsaufwand: [XX] Stun-den [] 
 []


Overfull \hbox (30.0pt too wide) in paragraph at lines 32--33
[][] 
 []


Overfull \hbox (7.40155pt too wide) in paragraph at lines 41--41
[]|\T1/cmr/m/it/12 Unterschrift
 []

) (./chapters/99_acknowledgements.tex
Underfull \hbox (badness 10000) in paragraph at lines 41--1

 []

File: ./media/images/htl_c_cmyk_rein.pdf Graphic file (type pdf)
<use ./media/images/htl_c_cmyk_rein.pdf>
Package pdftex.def Info: ./media/images/htl_c_cmyk_rein.pdf  used on input line 1.
(pdftex.def)             Requested size: 25.6073pt x 13.37865pt.
[42]
File: ./media/images/htl_c_cmyk_rein.pdf Graphic file (type pdf)
<use ./media/images/htl_c_cmyk_rein.pdf>
Package pdftex.def Info: ./media/images/htl_c_cmyk_rein.pdf  used on input line 1.
(pdftex.def)             Requested size: 25.6073pt x 13.37865pt.
 [43]) [44


] (./main.lof)
\tf@lof=\write5
\openout5 = `main.lof'.

 [45



] (./main.lol
Overfull \hbox (12.079pt too wide) in paragraph at lines 9--9
 [][] [][]\T1/cmr/m/n/12 Kotlin-Coroutine f¸r dy-namis-ches TCP-Stream-Multiplexing und Thread- 
 []


Overfull \hbox (2.89809pt too wide) in paragraph at lines 12--12
 [][] [][]\T1/cmr/m/n/12 Direkte I2C-Registerauslesung des State-of-Charge (SOC) vom MAX17262[] [][]  
 []

)
\tf@lol=\write6
\openout6 = `main.lol'.

 (./main.bbl [46


]
Underfull \hbox (badness 1910) in paragraph at lines 4--8
[]\T1/cmr/m/n/12 Alpha Cephei Inc.  Vosk Of-fline Speech Recog-ni-tion API.  []$\T1/pcr/m/n/12 https : / /
 []


Underfull \hbox (badness 10000) in paragraph at lines 16--20
[]\T1/cmr/m/n/12 Google LLC.  App Man-i-fest Overview | An-droid De-vel-op-ers.
 []


Underfull \hbox (badness 10000) in paragraph at lines 16--20
[]$\T1/pcr/m/n/12 https : / / developer . android . com / guide / topics / manifest /
 []


Underfull \hbox (badness 10000) in paragraph at lines 22--26
[]\T1/cmr/m/n/12 Google LLC.  Blue-tooth-Gatt API Ref-er-ence | An-droid De-vel-op-ers.
 []


Underfull \hbox (badness 10000) in paragraph at lines 22--26
[]$\T1/pcr/m/n/12 https : / / developer . android . com / reference / android / bluetooth /
 []

) [47


] (./chapters/99_authors.tex
<media/images/cv_liam.pdf, id=774, 597.50829pt x 845.0471pt>
File: media/images/cv_liam.pdf Graphic file (type pdf)
<use media/images/cv_liam.pdf>
Package pdftex.def Info: media/images/cv_liam.pdf  used on input line 12.
(pdftex.def)             Requested size: 597.50682pt x 845.04504pt.
<media/images/cv_liam.pdf, id=776, page=1, 597.50829pt x 845.0471pt>
File: media/images/cv_liam.pdf Graphic file (type pdf)
<use media/images/cv_liam.pdf, page 1>
Package pdftex.def Info: media/images/cv_liam.pdf , page1 used on input line 12.
(pdftex.def)             Requested size: 597.50682pt x 845.04504pt.
File: media/images/cv_liam.pdf Graphic file (type pdf)
<use media/images/cv_liam.pdf, page 1>
Package pdftex.def Info: media/images/cv_liam.pdf , page1 used on input line 12.
(pdftex.def)             Requested size: 597.50682pt x 845.04504pt.
File: media/images/cv_liam.pdf Graphic file (type pdf)
<use media/images/cv_liam.pdf, page 1>
Package pdftex.def Info: media/images/cv_liam.pdf , page1 used on input line 12.
(pdftex.def)             Requested size: 597.50682pt x 845.04504pt.
File: media/images/cv_liam.pdf Graphic file (type pdf)
<use media/images/cv_liam.pdf, page 1>
Package pdftex.def Info: media/images/cv_liam.pdf , page1 used on input line 12.
(pdftex.def)             Requested size: 597.50682pt x 845.04504pt.
File: media/images/cv_liam.pdf Graphic file (type pdf)
<use media/images/cv_liam.pdf, page 1>
Package pdftex.def Info: media/images/cv_liam.pdf , page1 used on input line 12.
(pdftex.def)             Requested size: 597.50682pt x 845.04504pt.
 [48





 <./media/images/cv_liam.pdf>]
<media/images/cv_manuel.pdf, id=805, 597.55246pt x 845.07724pt>
File: media/images/cv_manuel.pdf Graphic file (type pdf)
<use media/images/cv_manuel.pdf>
Package pdftex.def Info: media/images/cv_manuel.pdf  used on input line 14.
(pdftex.def)             Requested size: 597.551pt x 845.07518pt.
<media/images/cv_manuel.pdf, id=807, page=1, 597.55246pt x 845.07724pt>
File: media/images/cv_manuel.pdf Graphic file (type pdf)
<use media/images/cv_manuel.pdf, page 1>
Package pdftex.def Info: media/images/cv_manuel.pdf , page1 used on input line 14.
(pdftex.def)             Requested size: 597.551pt x 845.07518pt.
File: media/images/cv_manuel.pdf Graphic file (type pdf)
<use media/images/cv_manuel.pdf, page 1>
Package pdftex.def Info: media/images/cv_manuel.pdf , page1 used on input line 14.
(pdftex.def)             Requested size: 597.57834pt x 845.11386pt.
File: media/images/cv_manuel.pdf Graphic file (type pdf)
<use media/images/cv_manuel.pdf, page 1>
Package pdftex.def Info: media/images/cv_manuel.pdf , page1 used on input line 14.
(pdftex.def)             Requested size: 597.57834pt x 845.11386pt.
File: media/images/cv_manuel.pdf Graphic file (type pdf)
<use media/images/cv_manuel.pdf, page 1>
Package pdftex.def Info: media/images/cv_manuel.pdf , page1 used on input line 14.
(pdftex.def)             Requested size: 597.57834pt x 845.11386pt.
File: media/images/cv_manuel.pdf Graphic file (type pdf)
<use media/images/cv_manuel.pdf, page 1>
Package pdftex.def Info: media/images/cv_manuel.pdf , page1 used on input line 14.
(pdftex.def)             Requested size: 597.57834pt x 845.11386pt.
 [49

 <./media/images/cv_manuel.pdf>]
<media/images/cv_fabian.pdf, id=831, 597.55246pt x 845.07718pt>
File: media/images/cv_fabian.pdf Graphic file (type pdf)
<use media/images/cv_fabian.pdf>
Package pdftex.def Info: media/images/cv_fabian.pdf  used on input line 15.
(pdftex.def)             Requested size: 597.551pt x 845.07512pt.
<media/images/cv_fabian.pdf, id=833, page=1, 597.55246pt x 845.07718pt>
File: media/images/cv_fabian.pdf Graphic file (type pdf)
<use media/images/cv_fabian.pdf, page 1>
Package pdftex.def Info: media/images/cv_fabian.pdf , page1 used on input line 15.
(pdftex.def)             Requested size: 597.551pt x 845.07512pt.
File: media/images/cv_fabian.pdf Graphic file (type pdf)
<use media/images/cv_fabian.pdf, page 1>
Package pdftex.def Info: media/images/cv_fabian.pdf , page1 used on input line 15.
(pdftex.def)             Requested size: 597.57834pt x 845.1138pt.
File: media/images/cv_fabian.pdf Graphic file (type pdf)
<use media/images/cv_fabian.pdf, page 1>
Package pdftex.def Info: media/images/cv_fabian.pdf , page1 used on input line 15.
(pdftex.def)             Requested size: 597.57834pt x 845.1138pt.
File: media/images/cv_fabian.pdf Graphic file (type pdf)
<use media/images/cv_fabian.pdf, page 1>
Package pdftex.def Info: media/images/cv_fabian.pdf , page1 used on input line 15.
(pdftex.def)             Requested size: 597.57834pt x 845.1138pt.
File: media/images/cv_fabian.pdf Graphic file (type pdf)
<use media/images/cv_fabian.pdf, page 1>
Package pdftex.def Info: media/images/cv_fabian.pdf , page1 used on input line 15.
(pdftex.def)             Requested size: 597.57834pt x 845.1138pt.
 [50

 <./media/images/cv_fabian.pdf>]) (./main.aux)
 ***********
LaTeX2e <2025-11-01>
L3 programming layer <2026-01-19>
 ***********


LaTeX Warning: There were undefined references.

 ) 
Here is how much of TeX's memory you used:
 23258 strings out of 467525
 417432 string characters out of 5398440
 1370342 words of memory out of 5000000
 51408 multiletter control sequences out of 15000+600000
 648277 words of font info for 89 fonts, out of 8000000 for 9000
 1141 hyphenation exceptions out of 8191
 108i,22n,107p,11318b,2058s stack positions out of 10000i,1000n,20000p,200000b,200000s
<c:/Users/Manuel/Documents/HTL/5AHELS/Diplomarbeit/texlive/2026/texmf-dist/fonts/type1/google/noto/NotoSans-Bold.pfb><c:/Users/Manuel/Documents/HTL/5AHELS/Diplomarbeit/texlive/2026/texmf-dist/fonts/type1/google/noto/NotoSans-Italic.pfb><c:/Users/Manuel/Documents/HTL/5AHELS/Diplomarbeit/texlive/2026/texmf-dist/fonts/type1/google/noto/NotoSans-Regular.pfb><c:/Users/Manuel/Documents/HTL/5AHELS/Diplomarbeit/texlive/2026/texmf-dist/fonts/type1/public/amsfonts/cm/cmmi12.pfb><c:/Users/Manuel/Documents/HTL/5AHELS/Diplomarbeit/texlive/2026/texmf-dist/fonts/type1/public/amsfonts/cm/cmr12.pfb><c:/Users/Manuel/Documents/HTL/5AHELS/Diplomarbeit/texlive/2026/texmf-dist/fonts/type1/public/amsfonts/cm/cmsy10.pfb><c:/Users/Manuel/Documents/HTL/5AHELS/Diplomarbeit/texlive/2026/texmf-dist/fonts/type1/public/cm-super/sfbx1200.pfb><c:/Users/Manuel/Documents/HTL/5AHELS/Diplomarbeit/texlive/2026/texmf-dist/fonts/type1/public/cm-super/sfrm0600.pfb><c:/Users/Manuel/Documents/HTL/5AHELS/Diplomarbeit/texlive/2026/texmf-dist/fonts/type1/public/cm-super/sfrm1095.pfb><c:/Users/Manuel/Documents/HTL/5AHELS/Diplomarbeit/texlive/2026/texmf-dist/fonts/type1/public/cm-super/sfrm1200.pfb><c:/Users/Manuel/Documents/HTL/5AHELS/Diplomarbeit/texlive/2026/texmf-dist/fonts/type1/public/cm-super/sfrm1728.pfb><c:/Users/Manuel/Documents/HTL/5AHELS/Diplomarbeit/texlive/2026/texmf-dist/fonts/type1/public/cm-super/sfsx1200.pfb><c:/Users/Manuel/Documents/HTL/5AHELS/Diplomarbeit/texlive/2026/texmf-dist/fonts/type1/public/cm-super/sfsx1440.pfb><c:/Users/Manuel/Documents/HTL/5AHELS/Diplomarbeit/texlive/2026/texmf-dist/fonts/type1/public/cm-super/sfsx1728.pfb><c:/Users/Manuel/Documents/HTL/5AHELS/Diplomarbeit/texlive/2026/texmf-dist/fonts/type1/public/cm-super/sfsx2488.pfb><c:/Users/Manuel/Documents/HTL/5AHELS/Diplomarbeit/texlive/2026/texmf-dist/fonts/type1/public/cm-super/sfti1200.pfb><c:/Users/Manuel/Documents/HTL/5AHELS/Diplomarbeit/texlive/2026/texmf-dist/fonts/type1/public/cm-super/sfti1728.pfb><c:/Users/Manuel/Documents/HTL/5AHELS/Diplomarbeit/texlive/2026/texmf-dist/fonts/type1/urw/courier/ucrr8a.pfb>
Output written on main.pdf (56 pages, 3247241 bytes).
PDF statistics:
 1271 PDF objects out of 1440 (max. 8388607)
 1098 compressed objects within 11 object streams
 383 named destinations out of 1000 (max. 500000)
 833 words of extra memory for PDF output out of 10000 (max. 10000000)

